#
# There is insufficient memory for the Java Runtime Environment to continue.
# Native memory allocation (malloc) failed to allocate 1042288 bytes for Chunk::new
# Possible reasons:
#   The system is out of physical RAM or swap space
#   The process is running with CompressedOops enabled, and the Java Heap may be blocking the growth of the native heap
# Possible solutions:
#   Reduce memory load on the system
#   Increase physical memory or swap space
#   Check if swap backing store is full
#   Decrease Java heap size (-Xmx/-Xms)
#   Decrease number of Java threads
#   Decrease Java thread stack sizes (-Xss)
#   Set larger code cache with -XX:ReservedCodeCacheSize=
#   JVM is running with Unscaled Compressed Oops mode in which the Java heap is
#     placed in the first 4GB address space. The Java Heap base address is the
#     maximum limit for the native heap growth. Please use -XX:HeapBaseMinAddress
#     to set the Java Heap base and to place the Java Heap above 4GB virtual address.
# This output file may be truncated or incomplete.
#
#  Out of Memory Error (./open/src/hotspot/share/memory/arena.cpp:195), pid=16584, tid=14488
#
# JRE version: Java(TM) SE Runtime Environment (15.0.1+9) (build 15.0.1+9-18)
# Java VM: Java HotSpot(TM) 64-Bit Server VM (15.0.1+9-18, mixed mode, sharing, tiered, compressed oops, g1 gc, windows-amd64)
# No core dump will be written. Minidumps are not enabled by default on client versions of Windows
#

---------------  S U M M A R Y ------------

Command Line: --add-opens=java.base/java.util=ALL-UNNAMED --add-opens=java.base/java.lang=ALL-UNNAMED --add-opens=java.base/java.lang.invoke=ALL-UNNAMED --add-opens=java.base/java.util=ALL-UNNAMED --add-opens=java.prefs/java.util.prefs=ALL-UNNAMED --add-opens=java.prefs/java.util.prefs=ALL-UNNAMED --add-opens=java.base/java.nio.charset=ALL-UNNAMED --add-opens=java.base/java.net=ALL-UNNAMED --add-opens=java.base/java.util.concurrent.atomic=ALL-UNNAMED -Xmx2048m -Dfile.encoding=UTF-8 -Duser.country=IN -Duser.language=en -Duser.variant org.gradle.launcher.daemon.bootstrap.GradleDaemon 7.5

Host: Intel(R) Core(TM) i5-9300H CPU @ 2.40GHz, 8 cores, 7G,  Windows 10 , 64 bit Build 25300 (10.0.25300.1000)
Time: Mon Mar  6 11:29:27 2023 India Standard Time elapsed time: 21.257006 seconds (0d 0h 0m 21s)

---------------  T H R E A D  ---------------

Current thread (0x0000020655e31c70):  JavaThread "C2 CompilerThread0" daemon [_thread_in_native, id=14488, stack(0x000000eac5a00000,0x000000eac5b00000)]


Current CompileTask:
C2:  21257 7764   !   4       org.codehaus.groovy.reflection.stdclasses.CachedSAMClass::hasUsableImplementation (72 bytes)

Stack: [0x000000eac5a00000,0x000000eac5b00000]
Native frames: (J=compiled Java code, j=interpreted, Vv=VM code, C=native code)
V  [jvm.dll+0x62ae9a]
V  [jvm.dll+0x781389]
V  [jvm.dll+0x782ae3]
V  [jvm.dll+0x783143]
V  [jvm.dll+0x216265]
V  [jvm.dll+0x97efa]
V  [jvm.dll+0x985dc]
V  [jvm.dll+0x32e525]
V  [jvm.dll+0x2f78aa]
V  [jvm.dll+0x2f6c6a]
V  [jvm.dll+0x1ea645]
V  [jvm.dll+0x1e98ae]
V  [jvm.dll+0x1784c7]
V  [jvm.dll+0x1f9165]
V  [jvm.dll+0x1f720c]
V  [jvm.dll+0x74485d]
V  [jvm.dll+0x73d65a]
V  [jvm.dll+0x629c56]
C  [ucrtbase.dll+0x2b11b]
C  [KERNEL32.DLL+0x1292d]
C  [ntdll.dll+0x4f2b8]


---------------  P R O C E S S  ---------------

Threads class SMR info:
_java_thread_list=0x000002065a474c00, length=126, elements={
0x00000206372670c0, 0x0000020655e147c0, 0x0000020655e15910, 0x0000020655e2d3d0,
0x0000020655e2fd90, 0x0000020655e30ee0, 0x0000020655e31c70, 0x0000020655e32710,
0x00000206567a1400, 0x00000206568b4010, 0x00000206568def90, 0x0000020658884650,
0x00000206586e3540, 0x00000206580eeef0, 0x0000020657ced5f0, 0x0000020658a70470,
0x0000020657e875b0, 0x0000020657c79ef0, 0x00000206580ef570, 0x00000206580f03e0,
0x00000206580efa40, 0x00000206580f0d80, 0x0000020658305d60, 0x00000206583070a0,
0x0000020658306230, 0x0000020658306700, 0x00000206583083e0, 0x0000020658302870,
0x0000020658302d40, 0x0000020658307570, 0x0000020658303bb0, 0x0000020658304ef0,
0x0000020658304080, 0x00000206583053c0, 0x000002065bbcddb0, 0x000002065bbc8710,
0x000002065bbcb260, 0x000002065bbcbc00, 0x000002065bbcec20, 0x000002065bbc9a50,
0x000002065bbcd8e0, 0x000002065bbc73d0, 0x000002065bbcc5a0, 0x000002065bbc90b0,
0x000002065bbc9f20, 0x000002065bbc78a0, 0x000002065bbc7d70, 0x000002065bbc9580,
0x000002065bbcca70, 0x000002065bbc8be0, 0x000002065bbccf40, 0x000002065bbcad90,
0x000002065bbca3f0, 0x000002065848f570, 0x000002065848e700, 0x000002065848bbb0,
0x000002065848ad40, 0x000002065848b6e0, 0x000002065848b210, 0x000002065848e230,
0x000002065848dd60, 0x000002065848d3c0, 0x000002065848fa40, 0x000002065848ebd0,
0x000002065848f0a0, 0x000002065848ff10, 0x000002065848ca20, 0x000002065848c080,
0x00000206584886c0, 0x0000020658489a00, 0x000002065848a3a0, 0x0000020658488b90,
0x000002065848d890, 0x0000020658489060, 0x000002065848c550, 0x0000020658489530,
0x0000020658489ed0, 0x000002065848a870, 0x000002065848cef0, 0x0000020656c607d0,
0x0000020656c61170, 0x0000020656c62e50, 0x0000020656c64190, 0x0000020656c63320,
0x0000020656c61fe0, 0x0000020656c5eaf0, 0x0000020656c65e70, 0x0000020656c654d0,
0x0000020656c5f490, 0x0000020656c61640, 0x0000020656c63cc0, 0x0000020656c64b30,
0x0000020656c659a0, 0x0000020656c65000, 0x0000020656c66340, 0x0000020656c5efc0,
0x0000020656c5f960, 0x0000020656c5fe30, 0x0000020656c60ca0, 0x0000020656c64660,
0x0000020656c62980, 0x0000020656c60300, 0x0000020656c61b10, 0x0000020656c624b0,
0x0000020656c637f0, 0x0000020658ce3390, 0x0000020658ce1b80, 0x0000020658cdf9d0,
0x0000020658cdd820, 0x0000020658cde690, 0x0000020658cdeb60, 0x0000020658ce2520,
0x0000020658cddcf0, 0x0000020658ce3860, 0x0000020658cdfea0, 0x0000020658ce0370,
0x0000020658cdf030, 0x0000020658cdf500, 0x0000020658ce16b0, 0x0000020658ce0840,
0x0000020658cde1c0, 0x0000020658ce29f0, 0x0000020658ce11e0, 0x0000020658cdce80,
0x00000206588c4cd0, 0x00000206588c51e0
}

Java Threads: ( => current thread )
  0x00000206372670c0 JavaThread "main" [_thread_blocked, id=11952, stack(0x000000eac4e00000,0x000000eac4f00000)]
  0x0000020655e147c0 JavaThread "Reference Handler" daemon [_thread_blocked, id=21516, stack(0x000000eac5500000,0x000000eac5600000)]
  0x0000020655e15910 JavaThread "Finalizer" daemon [_thread_blocked, id=18788, stack(0x000000eac5600000,0x000000eac5700000)]
  0x0000020655e2d3d0 JavaThread "Signal Dispatcher" daemon [_thread_blocked, id=13844, stack(0x000000eac5700000,0x000000eac5800000)]
  0x0000020655e2fd90 JavaThread "Attach Listener" daemon [_thread_blocked, id=9376, stack(0x000000eac5800000,0x000000eac5900000)]
  0x0000020655e30ee0 JavaThread "Service Thread" daemon [_thread_blocked, id=18260, stack(0x000000eac5900000,0x000000eac5a00000)]
=>0x0000020655e31c70 JavaThread "C2 CompilerThread0" daemon [_thread_in_native, id=14488, stack(0x000000eac5a00000,0x000000eac5b00000)]
  0x0000020655e32710 JavaThread "C1 CompilerThread0" daemon [_thread_blocked, id=9984, stack(0x000000eac5b00000,0x000000eac5c00000)]
  0x00000206567a1400 JavaThread "Sweeper thread" daemon [_thread_blocked, id=18384, stack(0x000000eac5c00000,0x000000eac5d00000)]
  0x00000206568b4010 JavaThread "Common-Cleaner" daemon [_thread_blocked, id=17388, stack(0x000000eac5d00000,0x000000eac5e00000)]
  0x00000206568def90 JavaThread "Notification Thread" daemon [_thread_blocked, id=9872, stack(0x000000eac5e00000,0x000000eac5f00000)]
  0x0000020658884650 JavaThread "Daemon health stats" [_thread_blocked, id=12396, stack(0x000000eac6300000,0x000000eac6400000)]
  0x00000206586e3540 JavaThread "Incoming local TCP Connector on port 60455" [_thread_in_native, id=9844, stack(0x000000eac6000000,0x000000eac6100000)]
  0x00000206580eeef0 JavaThread "Daemon periodic checks" [_thread_blocked, id=6484, stack(0x000000eac6500000,0x000000eac6600000)]
  0x0000020657ced5f0 JavaThread "Daemon" [_thread_blocked, id=14680, stack(0x000000eac6600000,0x000000eac6700000)]
  0x0000020658a70470 JavaThread "Handler for socket connection from /127.0.0.1:60455 to /127.0.0.1:60457" [_thread_in_native, id=22280, stack(0x000000eac6700000,0x000000eac6800000)]
  0x0000020657e875b0 JavaThread "Cancel handler" [_thread_blocked, id=10160, stack(0x000000eac6400000,0x000000eac6500000)]
  0x0000020657c79ef0 JavaThread "Daemon worker" [_thread_in_vm, id=7296, stack(0x000000eac6800000,0x000000eac6900000)]
  0x00000206580ef570 JavaThread "Asynchronous log dispatcher for DefaultDaemonConnection: socket connection from /127.0.0.1:60455 to /127.0.0.1:60457" [_thread_blocked, id=7268, stack(0x000000eac6900000,0x000000eac6a00000)]
  0x00000206580f03e0 JavaThread "Stdin handler" [_thread_blocked, id=10320, stack(0x000000eac6a00000,0x000000eac6b00000)]
  0x00000206580efa40 JavaThread "Daemon client event forwarder" [_thread_blocked, id=10204, stack(0x000000eac6b00000,0x000000eac6c00000)]
  0x00000206580f0d80 JavaThread "Cache worker for journal cache (C:\Users\91934\.gradle\caches\journal-1)" [_thread_blocked, id=17236, stack(0x000000eac6c00000,0x000000eac6d00000)]
  0x0000020658305d60 JavaThread "File lock request listener" [_thread_in_native, id=20872, stack(0x000000eac6d00000,0x000000eac6e00000)]
  0x00000206583070a0 JavaThread "Cache worker for file hash cache (C:\Users\91934\.gradle\caches\7.5\fileHashes)" [_thread_blocked, id=23340, stack(0x000000eac6e00000,0x000000eac6f00000)]
  0x0000020658306230 JavaThread "File watcher server" daemon [_thread_in_native, id=11292, stack(0x000000eac7400000,0x000000eac7500000)]
  0x0000020658306700 JavaThread "File watcher consumer" daemon [_thread_blocked, id=22816, stack(0x000000eac7500000,0x000000eac7600000)]
  0x00000206583083e0 JavaThread "Cache worker for checksums cache (C:\Users\91934\AndroidStudioProjects\CampusConnectApp\.gradle\7.5\checksums)" [_thread_blocked, id=7640, stack(0x000000eac7600000,0x000000eac7700000)]
  0x0000020658302870 JavaThread "Cache worker for cache directory md-rule (C:\Users\91934\.gradle\caches\7.5\md-rule)" [_thread_blocked, id=860, stack(0x000000eac7700000,0x000000eac7800000)]
  0x0000020658302d40 JavaThread "Cache worker for file content cache (C:\Users\91934\.gradle\caches\7.5\fileContent)" [_thread_blocked, id=15728, stack(0x000000eac7800000,0x000000eac7900000)]
  0x0000020658307570 JavaThread "Cache worker for file hash cache (C:\Users\91934\AndroidStudioProjects\CampusConnectApp\.gradle\7.5\fileHashes)" [_thread_blocked, id=5728, stack(0x000000eac7a00000,0x000000eac7b00000)]
  0x0000020658303bb0 JavaThread "Cache worker for cache directory md-supplier (C:\Users\91934\.gradle\caches\7.5\md-supplier)" [_thread_blocked, id=22760, stack(0x000000eac7b00000,0x000000eac7c00000)]
  0x0000020658304ef0 JavaThread "Cache worker for execution history cache (C:\Users\91934\.gradle\caches\7.5\executionHistory)" [_thread_blocked, id=8516, stack(0x000000eac7c00000,0x000000eac7d00000)]
  0x0000020658304080 JavaThread "jar transforms" [_thread_blocked, id=18728, stack(0x000000eac7d00000,0x000000eac7e00000)]
  0x00000206583053c0 JavaThread "jar transforms Thread 2" [_thread_blocked, id=5080, stack(0x000000eac7f00000,0x000000eac8000000)]
  0x000002065bbcddb0 JavaThread "jar transforms Thread 3" [_thread_blocked, id=7760, stack(0x000000eac8000000,0x000000eac8100000)]
  0x000002065bbc8710 JavaThread "jar transforms Thread 4" [_thread_blocked, id=22636, stack(0x000000eac8100000,0x000000eac8200000)]
  0x000002065bbcb260 JavaThread "Cache worker for dependencies-accessors (C:\Users\91934\AndroidStudioProjects\CampusConnectApp\.gradle\7.5\dependencies-accessors)" [_thread_blocked, id=14412, stack(0x000000eac8200000,0x000000eac8300000)]
  0x000002065bbcbc00 JavaThread "jar transforms Thread 5" [_thread_blocked, id=17448, stack(0x000000eac8300000,0x000000eac8400000)]
  0x000002065bbcec20 JavaThread "Cache worker for Build Output Cleanup Cache (C:\Users\91934\AndroidStudioProjects\CampusConnectApp\.gradle\buildOutputCleanup)" [_thread_blocked, id=1568, stack(0x000000eac8400000,0x000000eac8500000)]
  0x000002065bbc9a50 JavaThread "Unconstrained build operations" [_thread_blocked, id=3692, stack(0x000000eac7e00000,0x000000eac7f00000)]
  0x000002065bbcd8e0 JavaThread "Unconstrained build operations Thread 2" [_thread_blocked, id=20944, stack(0x000000eac8600000,0x000000eac8700000)]
  0x000002065bbc73d0 JavaThread "Unconstrained build operations Thread 3" [_thread_blocked, id=18252, stack(0x000000eac8700000,0x000000eac8800000)]
  0x000002065bbcc5a0 JavaThread "Unconstrained build operations Thread 4" [_thread_blocked, id=10368, stack(0x000000eac8800000,0x000000eac8900000)]
  0x000002065bbc90b0 JavaThread "Unconstrained build operations Thread 5" [_thread_blocked, id=8656, stack(0x000000eac8900000,0x000000eac8a00000)]
  0x000002065bbc9f20 JavaThread "Unconstrained build operations Thread 6" [_thread_blocked, id=3264, stack(0x000000eac8a00000,0x000000eac8b00000)]
  0x000002065bbc78a0 JavaThread "Unconstrained build operations Thread 7" [_thread_blocked, id=1124, stack(0x000000eac8b00000,0x000000eac8c00000)]
  0x000002065bbc7d70 JavaThread "Unconstrained build operations Thread 8" [_thread_blocked, id=19064, stack(0x000000eac8c00000,0x000000eac8d00000)]
  0x000002065bbc9580 JavaThread "Unconstrained build operations Thread 9" [_thread_blocked, id=14888, stack(0x000000eac8d00000,0x000000eac8e00000)]
  0x000002065bbcca70 JavaThread "Unconstrained build operations Thread 10" [_thread_blocked, id=18932, stack(0x000000eac8e00000,0x000000eac8f00000)]
  0x000002065bbc8be0 JavaThread "Unconstrained build operations Thread 11" [_thread_blocked, id=14288, stack(0x000000eac8f00000,0x000000eac9000000)]
  0x000002065bbccf40 JavaThread "Unconstrained build operations Thread 12" [_thread_blocked, id=19424, stack(0x000000eac9000000,0x000000eac9100000)]
  0x000002065bbcad90 JavaThread "Unconstrained build operations Thread 13" [_thread_blocked, id=13404, stack(0x000000eac9100000,0x000000eac9200000)]
  0x000002065bbca3f0 JavaThread "Unconstrained build operations Thread 14" [_thread_blocked, id=15456, stack(0x000000eac9200000,0x000000eac9300000)]
  0x000002065848f570 JavaThread "Unconstrained build operations Thread 15" [_thread_blocked, id=16272, stack(0x000000eac9300000,0x000000eac9400000)]
  0x000002065848e700 JavaThread "Unconstrained build operations Thread 16" [_thread_blocked, id=6200, stack(0x000000eac9400000,0x000000eac9500000)]
  0x000002065848bbb0 JavaThread "Unconstrained build operations Thread 17" [_thread_blocked, id=21056, stack(0x000000eac9500000,0x000000eac9600000)]
  0x000002065848ad40 JavaThread "Unconstrained build operations Thread 18" [_thread_blocked, id=24208, stack(0x000000eac9600000,0x000000eac9700000)]
  0x000002065848b6e0 JavaThread "Unconstrained build operations Thread 19" [_thread_blocked, id=4012, stack(0x000000eac9700000,0x000000eac9800000)]
  0x000002065848b210 JavaThread "Unconstrained build operations Thread 20" [_thread_blocked, id=23288, stack(0x000000eac9800000,0x000000eac9900000)]
  0x000002065848e230 JavaThread "Unconstrained build operations Thread 21" [_thread_blocked, id=19844, stack(0x000000eac9900000,0x000000eac9a00000)]
  0x000002065848dd60 JavaThread "Unconstrained build operations Thread 22" [_thread_blocked, id=7536, stack(0x000000eac9a00000,0x000000eac9b00000)]
  0x000002065848d3c0 JavaThread "Unconstrained build operations Thread 23" [_thread_blocked, id=21316, stack(0x000000eac9b00000,0x000000eac9c00000)]
  0x000002065848fa40 JavaThread "Unconstrained build operations Thread 24" [_thread_blocked, id=15392, stack(0x000000eac9c00000,0x000000eac9d00000)]
  0x000002065848ebd0 JavaThread "Unconstrained build operations Thread 25" [_thread_blocked, id=21792, stack(0x000000eac9d00000,0x000000eac9e00000)]
  0x000002065848f0a0 JavaThread "Unconstrained build operations Thread 26" [_thread_blocked, id=15044, stack(0x000000eac9e00000,0x000000eac9f00000)]
  0x000002065848ff10 JavaThread "Unconstrained build operations Thread 27" [_thread_blocked, id=21564, stack(0x000000eac9f00000,0x000000eaca000000)]
  0x000002065848ca20 JavaThread "Unconstrained build operations Thread 28" [_thread_blocked, id=14208, stack(0x000000eaca000000,0x000000eaca100000)]
  0x000002065848c080 JavaThread "Unconstrained build operations Thread 29" [_thread_blocked, id=12032, stack(0x000000eaca100000,0x000000eaca200000)]
  0x00000206584886c0 JavaThread "Unconstrained build operations Thread 30" [_thread_blocked, id=17084, stack(0x000000eaca200000,0x000000eaca300000)]
  0x0000020658489a00 JavaThread "Unconstrained build operations Thread 31" [_thread_blocked, id=15132, stack(0x000000eaca300000,0x000000eaca400000)]
  0x000002065848a3a0 JavaThread "Unconstrained build operations Thread 32" [_thread_blocked, id=4280, stack(0x000000eaca400000,0x000000eaca500000)]
  0x0000020658488b90 JavaThread "Unconstrained build operations Thread 33" [_thread_blocked, id=17240, stack(0x000000eaca500000,0x000000eaca600000)]
  0x000002065848d890 JavaThread "Unconstrained build operations Thread 34" [_thread_blocked, id=18424, stack(0x000000eaca600000,0x000000eaca700000)]
  0x0000020658489060 JavaThread "Unconstrained build operations Thread 35" [_thread_blocked, id=21120, stack(0x000000eaca700000,0x000000eaca800000)]
  0x000002065848c550 JavaThread "Unconstrained build operations Thread 36" [_thread_blocked, id=336, stack(0x000000eaca800000,0x000000eaca900000)]
  0x0000020658489530 JavaThread "Unconstrained build operations Thread 37" [_thread_blocked, id=9904, stack(0x000000eaca900000,0x000000eacaa00000)]
  0x0000020658489ed0 JavaThread "Unconstrained build operations Thread 38" [_thread_blocked, id=14312, stack(0x000000eacaa00000,0x000000eacab00000)]
  0x000002065848a870 JavaThread "Unconstrained build operations Thread 39" [_thread_blocked, id=19524, stack(0x000000eacab00000,0x000000eacac00000)]
  0x000002065848cef0 JavaThread "Unconstrained build operations Thread 40" [_thread_blocked, id=11244, stack(0x000000eacac00000,0x000000eacad00000)]
  0x0000020656c607d0 JavaThread "Unconstrained build operations Thread 41" [_thread_blocked, id=3132, stack(0x000000eacad00000,0x000000eacae00000)]
  0x0000020656c61170 JavaThread "Unconstrained build operations Thread 42" [_thread_blocked, id=19296, stack(0x000000eacae00000,0x000000eacaf00000)]
  0x0000020656c62e50 JavaThread "Unconstrained build operations Thread 43" [_thread_blocked, id=19072, stack(0x000000eacaf00000,0x000000eacb000000)]
  0x0000020656c64190 JavaThread "Unconstrained build operations Thread 44" [_thread_blocked, id=8100, stack(0x000000eacb000000,0x000000eacb100000)]
  0x0000020656c63320 JavaThread "Unconstrained build operations Thread 45" [_thread_blocked, id=23680, stack(0x000000eacb100000,0x000000eacb200000)]
  0x0000020656c61fe0 JavaThread "Unconstrained build operations Thread 46" [_thread_blocked, id=7028, stack(0x000000eacb200000,0x000000eacb300000)]
  0x0000020656c5eaf0 JavaThread "Unconstrained build operations Thread 47" [_thread_blocked, id=20464, stack(0x000000eacb300000,0x000000eacb400000)]
  0x0000020656c65e70 JavaThread "Unconstrained build operations Thread 48" [_thread_blocked, id=9696, stack(0x000000eacb400000,0x000000eacb500000)]
  0x0000020656c654d0 JavaThread "Unconstrained build operations Thread 49" [_thread_blocked, id=8464, stack(0x000000eacb500000,0x000000eacb600000)]
  0x0000020656c5f490 JavaThread "Unconstrained build operations Thread 50" [_thread_blocked, id=15452, stack(0x000000eacb600000,0x000000eacb700000)]
  0x0000020656c61640 JavaThread "Unconstrained build operations Thread 51" [_thread_blocked, id=24088, stack(0x000000eacb700000,0x000000eacb800000)]
  0x0000020656c63cc0 JavaThread "Unconstrained build operations Thread 52" [_thread_blocked, id=23432, stack(0x000000eacb800000,0x000000eacb900000)]
  0x0000020656c64b30 JavaThread "Unconstrained build operations Thread 53" [_thread_blocked, id=11252, stack(0x000000eacb900000,0x000000eacba00000)]
  0x0000020656c659a0 JavaThread "Unconstrained build operations Thread 54" [_thread_blocked, id=13428, stack(0x000000eacba00000,0x000000eacbb00000)]
  0x0000020656c65000 JavaThread "Unconstrained build operations Thread 55" [_thread_blocked, id=10052, stack(0x000000eacbb00000,0x000000eacbc00000)]
  0x0000020656c66340 JavaThread "Unconstrained build operations Thread 56" [_thread_blocked, id=2604, stack(0x000000eacbc00000,0x000000eacbd00000)]
  0x0000020656c5efc0 JavaThread "Unconstrained build operations Thread 57" [_thread_blocked, id=9996, stack(0x000000eacbd00000,0x000000eacbe00000)]
  0x0000020656c5f960 JavaThread "Unconstrained build operations Thread 58" [_thread_blocked, id=16288, stack(0x000000eacbe00000,0x000000eacbf00000)]
  0x0000020656c5fe30 JavaThread "Unconstrained build operations Thread 59" [_thread_blocked, id=22952, stack(0x000000eacbf00000,0x000000eacc000000)]
  0x0000020656c60ca0 JavaThread "Unconstrained build operations Thread 60" [_thread_blocked, id=3560, stack(0x000000eacc000000,0x000000eacc100000)]
  0x0000020656c64660 JavaThread "Unconstrained build operations Thread 61" [_thread_blocked, id=23192, stack(0x000000eacc100000,0x000000eacc200000)]
  0x0000020656c62980 JavaThread "Unconstrained build operations Thread 62" [_thread_blocked, id=9916, stack(0x000000eacc200000,0x000000eacc300000)]
  0x0000020656c60300 JavaThread "Unconstrained build operations Thread 63" [_thread_blocked, id=1892, stack(0x000000eacc300000,0x000000eacc400000)]
  0x0000020656c61b10 JavaThread "Unconstrained build operations Thread 64" [_thread_blocked, id=8344, stack(0x000000eacc400000,0x000000eacc500000)]
  0x0000020656c624b0 JavaThread "Unconstrained build operations Thread 65" [_thread_blocked, id=18544, stack(0x000000eacc500000,0x000000eacc600000)]
  0x0000020656c637f0 JavaThread "Unconstrained build operations Thread 66" [_thread_blocked, id=9076, stack(0x000000eacc600000,0x000000eacc700000)]
  0x0000020658ce3390 JavaThread "Unconstrained build operations Thread 67" [_thread_blocked, id=20488, stack(0x000000eacc700000,0x000000eacc800000)]
  0x0000020658ce1b80 JavaThread "Unconstrained build operations Thread 68" [_thread_blocked, id=7172, stack(0x000000eacc800000,0x000000eacc900000)]
  0x0000020658cdf9d0 JavaThread "Unconstrained build operations Thread 69" [_thread_blocked, id=14684, stack(0x000000eacc900000,0x000000eacca00000)]
  0x0000020658cdd820 JavaThread "Unconstrained build operations Thread 70" [_thread_blocked, id=18908, stack(0x000000eacca00000,0x000000eaccb00000)]
  0x0000020658cde690 JavaThread "Unconstrained build operations Thread 71" [_thread_blocked, id=15856, stack(0x000000eaccb00000,0x000000eaccc00000)]
  0x0000020658cdeb60 JavaThread "Unconstrained build operations Thread 72" [_thread_blocked, id=14644, stack(0x000000eaccc00000,0x000000eaccd00000)]
  0x0000020658ce2520 JavaThread "Unconstrained build operations Thread 73" [_thread_blocked, id=24524, stack(0x000000eaccd00000,0x000000eacce00000)]
  0x0000020658cddcf0 JavaThread "Unconstrained build operations Thread 74" [_thread_blocked, id=11484, stack(0x000000eacce00000,0x000000eaccf00000)]
  0x0000020658ce3860 JavaThread "Unconstrained build operations Thread 75" [_thread_blocked, id=19076, stack(0x000000eaccf00000,0x000000eacd000000)]
  0x0000020658cdfea0 JavaThread "Unconstrained build operations Thread 76" [_thread_blocked, id=16264, stack(0x000000eacd000000,0x000000eacd100000)]
  0x0000020658ce0370 JavaThread "Unconstrained build operations Thread 77" [_thread_blocked, id=19040, stack(0x000000eacd100000,0x000000eacd200000)]
  0x0000020658cdf030 JavaThread "Unconstrained build operations Thread 78" [_thread_blocked, id=10396, stack(0x000000eacd200000,0x000000eacd300000)]
  0x0000020658cdf500 JavaThread "Unconstrained build operations Thread 79" [_thread_blocked, id=11804, stack(0x000000eacd300000,0x000000eacd400000)]
  0x0000020658ce16b0 JavaThread "Unconstrained build operations Thread 80" [_thread_blocked, id=24060, stack(0x000000eacd400000,0x000000eacd500000)]
  0x0000020658ce0840 JavaThread "jar transforms Thread 6" [_thread_blocked, id=2748, stack(0x000000eacd500000,0x000000eacd600000)]
  0x0000020658cde1c0 JavaThread "jar transforms Thread 7" [_thread_blocked, id=20536, stack(0x000000eacd600000,0x000000eacd700000)]
  0x0000020658ce29f0 JavaThread "jar transforms Thread 8" [_thread_blocked, id=11808, stack(0x000000eacd700000,0x000000eacd800000)]
  0x0000020658ce11e0 JavaThread "build event listener" [_thread_blocked, id=18892, stack(0x000000eacd800000,0x000000eacd900000)]
  0x0000020658cdce80 JavaThread "Memory manager" [_thread_blocked, id=5796, stack(0x000000eacd900000,0x000000eacda00000)]
  0x00000206588c4cd0 JavaThread "C2 CompilerThread1" daemon [_thread_in_native, id=7384, stack(0x000000eacda00000,0x000000eacdb00000)]
  0x00000206588c51e0 JavaThread "C2 CompilerThread2" daemon [_thread_in_native, id=21600, stack(0x000000eacdb00000,0x000000eacdc00000)]

Other Threads:
  0x0000020655e10ce0 VMThread "VM Thread" [stack: 0x000000eac5400000,0x000000eac5500000] [id=8420]
  0x00000206568e9890 WatcherThread [stack: 0x000000eac5f00000,0x000000eac6000000] [id=4892]
  0x00000206372a43a0 GCTaskThread "GC Thread#0" [stack: 0x000000eac4f00000,0x000000eac5000000] [id=18556]
  0x0000020656d35e90 GCTaskThread "GC Thread#1" [stack: 0x000000eac6100000,0x000000eac6200000] [id=14972]
  0x0000020656d35500 GCTaskThread "GC Thread#2" [stack: 0x000000eac6200000,0x000000eac6300000] [id=20800]
  0x0000020656d37810 GCTaskThread "GC Thread#3" [stack: 0x000000eac6f00000,0x000000eac7000000] [id=19208]
  0x0000020656d371b0 GCTaskThread "GC Thread#4" [stack: 0x000000eac7000000,0x000000eac7100000] [id=23672]
  0x0000020656d364f0 GCTaskThread "GC Thread#5" [stack: 0x000000eac7100000,0x000000eac7200000] [id=19672]
  0x0000020656d37b40 GCTaskThread "GC Thread#6" [stack: 0x000000eac7200000,0x000000eac7300000] [id=8552]
  0x0000020656d374e0 GCTaskThread "GC Thread#7" [stack: 0x000000eac7300000,0x000000eac7400000] [id=9608]
  0x00000206372f4010 ConcurrentGCThread "G1 Main Marker" [stack: 0x000000eac5000000,0x000000eac5100000] [id=13300]
  0x00000206372fec60 ConcurrentGCThread "G1 Conc#0" [stack: 0x000000eac5100000,0x000000eac5200000] [id=13496]
  0x0000020659308170 ConcurrentGCThread "G1 Conc#1" [stack: 0x000000eac7900000,0x000000eac7a00000] [id=20164]
  0x0000020655c844e0 ConcurrentGCThread "G1 Refine#0" [stack: 0x000000eac5200000,0x000000eac5300000] [id=14640]
  0x000002065da0d640 ConcurrentGCThread "G1 Refine#1" [stack: 0x000000eacdc00000,0x000000eacdd00000] [id=15204]
  0x000002065e57bbd0 ConcurrentGCThread "G1 Refine#2" [stack: 0x000000eacdd00000,0x000000eacde00000] [id=4148]
  0x000002065e57b870 ConcurrentGCThread "G1 Refine#3" [stack: 0x000000eacde00000,0x000000eacdf00000] [id=13956]
  0x000002065e57b510 ConcurrentGCThread "G1 Refine#4" [stack: 0x000000eacdf00000,0x000000eace000000] [id=10028]
  0x0000020655c84d20 ConcurrentGCThread "G1 Young RemSet Sampling" [stack: 0x000000eac5300000,0x000000eac5400000] [id=22024]

Threads with active compile tasks:
C2 CompilerThread0    21288 7764   !   4       org.codehaus.groovy.reflection.stdclasses.CachedSAMClass::hasUsableImplementation (72 bytes)
C2 CompilerThread1    21288 7803       4       com.sun.beans.TypeResolver::resolve (37 bytes)
C2 CompilerThread2    21288 7766       4       groovy.lang.MetaClassImpl::addMetaMethodToIndex (65 bytes)

VM state: not at safepoint (normal execution)

VM Mutex/Monitor currently owned by a thread: None

Heap address: 0x0000000080000000, size: 2048 MB, Compressed Oops mode: 32-bit
CDS archive(s) mapped at: [0x0000000800000000-0x0000000800b50000-0x0000000800b50000), size 11862016, SharedBaseAddress: 0x0000000800000000, ArchiveRelocationMode: 0.
Compressed class space mapped at: 0x0000000800b50000-0x0000000840b50000, size: 1073741824
Narrow klass base: 0x0000000800000000, Narrow klass shift: 3, Narrow klass range: 0x100000000

GC Precious Log:
 CPUs: 8 total, 8 available
 Memory: 8029M
 Large Page Support: Disabled
 NUMA Support: Disabled
 Compressed Oops: Enabled (32-bit)
 Heap Region Size: 1M
 Heap Min Capacity: 8M
 Heap Initial Capacity: 126M
 Heap Max Capacity: 2G
 Pre-touch: Disabled
 Parallel Workers: 8
 Concurrent Workers: 2
 Concurrent Refinement Workers: 8
 Periodic GC: Disabled

Heap:
 garbage-first heap   total 134144K, used 98739K [0x0000000080000000, 0x0000000100000000)
  region size 1024K, 39 young (39936K), 1 survivors (1024K)
 Metaspace       used 68076K, capacity 69141K, committed 69276K, reserved 1110016K
  class space    used 9045K, capacity 9406K, committed 9452K, reserved 1048576K

Heap Regions: E=young(eden), S=young(survivor), O=old, HS=humongous(starts), HC=humongous(continues), CS=collection set, F=free, OA=open archive, CA=closed archive, TAMS=top-at-mark-start (previous, next)
|   0|0x0000000080000000, 0x0000000080100000, 0x0000000080100000|100%| O|  |TAMS 0x0000000080100000, 0x0000000080000000| Untracked 
|   1|0x0000000080100000, 0x0000000080200000, 0x0000000080200000|100%| O|  |TAMS 0x0000000080200000, 0x0000000080100000| Untracked 
|   2|0x0000000080200000, 0x0000000080300000, 0x0000000080300000|100%| O|  |TAMS 0x0000000080300000, 0x0000000080200000| Untracked 
|   3|0x0000000080300000, 0x0000000080400000, 0x0000000080400000|100%|HS|  |TAMS 0x0000000080400000, 0x0000000080300000| Complete 
|   4|0x0000000080400000, 0x0000000080500000, 0x0000000080500000|100%|HC|  |TAMS 0x0000000080500000, 0x0000000080400000| Complete 
|   5|0x0000000080500000, 0x0000000080600000, 0x0000000080600000|100%|HC|  |TAMS 0x0000000080600000, 0x0000000080500000| Complete 
|   6|0x0000000080600000, 0x0000000080700000, 0x0000000080700000|100%| O|  |TAMS 0x0000000080700000, 0x0000000080600000| Untracked 
|   7|0x0000000080700000, 0x0000000080800000, 0x0000000080800000|100%| O|  |TAMS 0x0000000080800000, 0x0000000080700000| Untracked 
|   8|0x0000000080800000, 0x0000000080900000, 0x0000000080900000|100%| O|  |TAMS 0x0000000080900000, 0x0000000080800000| Untracked 
|   9|0x0000000080900000, 0x0000000080a00000, 0x0000000080a00000|100%| O|  |TAMS 0x0000000080a00000, 0x0000000080900000| Untracked 
|  10|0x0000000080a00000, 0x0000000080b00000, 0x0000000080b00000|100%| O|  |TAMS 0x0000000080b00000, 0x0000000080a00000| Untracked 
|  11|0x0000000080b00000, 0x0000000080c00000, 0x0000000080c00000|100%| O|  |TAMS 0x0000000080c00000, 0x0000000080b00000| Untracked 
|  12|0x0000000080c00000, 0x0000000080d00000, 0x0000000080d00000|100%| O|  |TAMS 0x0000000080d00000, 0x0000000080c00000| Untracked 
|  13|0x0000000080d00000, 0x0000000080e00000, 0x0000000080e00000|100%| O|  |TAMS 0x0000000080e00000, 0x0000000080d00000| Untracked 
|  14|0x0000000080e00000, 0x0000000080f00000, 0x0000000080f00000|100%| O|  |TAMS 0x0000000080f00000, 0x0000000080e00000| Untracked 
|  15|0x0000000080f00000, 0x0000000081000000, 0x0000000081000000|100%| O|  |TAMS 0x0000000081000000, 0x0000000080f00000| Untracked 
|  16|0x0000000081000000, 0x0000000081100000, 0x0000000081100000|100%| O|  |TAMS 0x0000000081100000, 0x0000000081000000| Untracked 
|  17|0x0000000081100000, 0x0000000081200000, 0x0000000081200000|100%| O|  |TAMS 0x0000000081200000, 0x0000000081100000| Untracked 
|  18|0x0000000081200000, 0x0000000081300000, 0x0000000081300000|100%| O|  |TAMS 0x0000000081300000, 0x0000000081200000| Untracked 
|  19|0x0000000081300000, 0x0000000081400000, 0x0000000081400000|100%| O|  |TAMS 0x0000000081400000, 0x0000000081300000| Untracked 
|  20|0x0000000081400000, 0x0000000081500000, 0x0000000081500000|100%| O|  |TAMS 0x0000000081500000, 0x0000000081400000| Untracked 
|  21|0x0000000081500000, 0x0000000081600000, 0x0000000081600000|100%| O|  |TAMS 0x0000000081600000, 0x0000000081500000| Untracked 
|  22|0x0000000081600000, 0x0000000081700000, 0x0000000081700000|100%| O|  |TAMS 0x0000000081700000, 0x0000000081600000| Untracked 
|  23|0x0000000081700000, 0x0000000081800000, 0x0000000081800000|100%| O|  |TAMS 0x0000000081800000, 0x0000000081700000| Untracked 
|  24|0x0000000081800000, 0x0000000081900000, 0x0000000081900000|100%| O|  |TAMS 0x0000000081900000, 0x0000000081800000| Untracked 
|  25|0x0000000081900000, 0x0000000081a00000, 0x0000000081a00000|100%| O|  |TAMS 0x0000000081a00000, 0x0000000081900000| Untracked 
|  26|0x0000000081a00000, 0x0000000081b00000, 0x0000000081b00000|100%| O|  |TAMS 0x0000000081b00000, 0x0000000081a00000| Untracked 
|  27|0x0000000081b00000, 0x0000000081c00000, 0x0000000081c00000|100%| O|  |TAMS 0x0000000081c00000, 0x0000000081b00000| Untracked 
|  28|0x0000000081c00000, 0x0000000081d00000, 0x0000000081d00000|100%| O|  |TAMS 0x0000000081d00000, 0x0000000081c00000| Untracked 
|  29|0x0000000081d00000, 0x0000000081e00000, 0x0000000081e00000|100%| O|  |TAMS 0x0000000081e00000, 0x0000000081d00000| Untracked 
|  30|0x0000000081e00000, 0x0000000081f00000, 0x0000000081f00000|100%| O|  |TAMS 0x0000000081f00000, 0x0000000081e00000| Untracked 
|  31|0x0000000081f00000, 0x0000000082000000, 0x0000000082000000|100%| O|  |TAMS 0x0000000082000000, 0x0000000081f00000| Untracked 
|  32|0x0000000082000000, 0x0000000082100000, 0x0000000082100000|100%| O|  |TAMS 0x0000000082100000, 0x0000000082000000| Untracked 
|  33|0x0000000082100000, 0x0000000082200000, 0x0000000082200000|100%| O|  |TAMS 0x0000000082200000, 0x0000000082100000| Untracked 
|  34|0x0000000082200000, 0x0000000082300000, 0x0000000082300000|100%| O|  |TAMS 0x0000000082300000, 0x0000000082200000| Untracked 
|  35|0x0000000082300000, 0x0000000082400000, 0x0000000082400000|100%| O|  |TAMS 0x0000000082400000, 0x0000000082300000| Untracked 
|  36|0x0000000082400000, 0x0000000082500000, 0x0000000082500000|100%| O|  |TAMS 0x0000000082500000, 0x0000000082400000| Untracked 
|  37|0x0000000082500000, 0x0000000082600000, 0x0000000082600000|100%|HS|  |TAMS 0x0000000082600000, 0x0000000082500000| Complete 
|  38|0x0000000082600000, 0x0000000082700000, 0x0000000082700000|100%|HS|  |TAMS 0x0000000082700000, 0x0000000082600000| Complete 
|  39|0x0000000082700000, 0x0000000082800000, 0x0000000082800000|100%| O|  |TAMS 0x0000000082800000, 0x0000000082700000| Untracked 
|  40|0x0000000082800000, 0x0000000082900000, 0x0000000082900000|100%| O|  |TAMS 0x0000000082900000, 0x0000000082800000| Untracked 
|  41|0x0000000082900000, 0x0000000082a00000, 0x0000000082a00000|100%| O|  |TAMS 0x0000000082a00000, 0x0000000082900000| Untracked 
|  42|0x0000000082a00000, 0x0000000082b00000, 0x0000000082b00000|100%| O|  |TAMS 0x0000000082b00000, 0x0000000082a00000| Untracked 
|  43|0x0000000082b00000, 0x0000000082c00000, 0x0000000082c00000|100%| O|  |TAMS 0x0000000082c00000, 0x0000000082b00000| Untracked 
|  44|0x0000000082c00000, 0x0000000082d00000, 0x0000000082d00000|100%| O|  |TAMS 0x0000000082d00000, 0x0000000082c00000| Untracked 
|  45|0x0000000082d00000, 0x0000000082e00000, 0x0000000082e00000|100%| O|  |TAMS 0x0000000082e00000, 0x0000000082d00000| Untracked 
|  46|0x0000000082e00000, 0x0000000082f00000, 0x0000000082f00000|100%| O|  |TAMS 0x0000000082f00000, 0x0000000082e00000| Untracked 
|  47|0x0000000082f00000, 0x0000000083000000, 0x0000000083000000|100%| O|  |TAMS 0x0000000083000000, 0x0000000082f00000| Untracked 
|  48|0x0000000083000000, 0x0000000083100000, 0x0000000083100000|100%| O|  |TAMS 0x0000000083100000, 0x0000000083000000| Untracked 
|  49|0x0000000083100000, 0x0000000083200000, 0x0000000083200000|100%| O|  |TAMS 0x0000000083200000, 0x0000000083100000| Untracked 
|  50|0x0000000083200000, 0x0000000083300000, 0x0000000083300000|100%| O|  |TAMS 0x0000000083300000, 0x0000000083200000| Untracked 
|  51|0x0000000083300000, 0x0000000083400000, 0x0000000083400000|100%| O|  |TAMS 0x0000000083400000, 0x0000000083300000| Untracked 
|  52|0x0000000083400000, 0x0000000083500000, 0x0000000083500000|100%| O|  |TAMS 0x0000000083500000, 0x0000000083400000| Untracked 
|  53|0x0000000083500000, 0x0000000083600000, 0x0000000083600000|100%| O|  |TAMS 0x0000000083600000, 0x0000000083500000| Untracked 
|  54|0x0000000083600000, 0x0000000083700000, 0x0000000083700000|100%| O|  |TAMS 0x0000000083700000, 0x0000000083600000| Untracked 
|  55|0x0000000083700000, 0x0000000083800000, 0x0000000083800000|100%| O|  |TAMS 0x0000000083800000, 0x0000000083700000| Untracked 
|  56|0x0000000083800000, 0x0000000083900000, 0x0000000083900000|100%| O|  |TAMS 0x0000000083900000, 0x0000000083800000| Untracked 
|  57|0x0000000083900000, 0x0000000083a00000, 0x0000000083a00000|100%| O|  |TAMS 0x0000000083a00000, 0x0000000083900000| Untracked 
|  58|0x0000000083a00000, 0x0000000083ac5000, 0x0000000083b00000| 76%| O|  |TAMS 0x0000000083ac5000, 0x0000000083a00000| Untracked 
|  59|0x0000000083b00000, 0x0000000083b00000, 0x0000000083c00000|  0%| F|  |TAMS 0x0000000083b00000, 0x0000000083b00000| Untracked 
|  60|0x0000000083c00000, 0x0000000083c00000, 0x0000000083d00000|  0%| F|  |TAMS 0x0000000083c00000, 0x0000000083c00000| Untracked 
|  61|0x0000000083d00000, 0x0000000083d00000, 0x0000000083e00000|  0%| F|  |TAMS 0x0000000083d00000, 0x0000000083d00000| Untracked 
|  62|0x0000000083e00000, 0x0000000083e00000, 0x0000000083f00000|  0%| F|  |TAMS 0x0000000083e00000, 0x0000000083e00000| Untracked 
|  63|0x0000000083f00000, 0x0000000083f00000, 0x0000000084000000|  0%| F|  |TAMS 0x0000000083f00000, 0x0000000083f00000| Untracked 
|  64|0x0000000084000000, 0x0000000084000000, 0x0000000084100000|  0%| F|  |TAMS 0x0000000084000000, 0x0000000084000000| Untracked 
|  65|0x0000000084100000, 0x0000000084100000, 0x0000000084200000|  0%| F|  |TAMS 0x0000000084100000, 0x0000000084100000| Untracked 
|  66|0x0000000084200000, 0x0000000084200000, 0x0000000084300000|  0%| F|  |TAMS 0x0000000084200000, 0x0000000084200000| Untracked 
|  67|0x0000000084300000, 0x0000000084300000, 0x0000000084400000|  0%| F|  |TAMS 0x0000000084300000, 0x0000000084300000| Untracked 
|  68|0x0000000084400000, 0x0000000084400000, 0x0000000084500000|  0%| F|  |TAMS 0x0000000084400000, 0x0000000084400000| Untracked 
|  69|0x0000000084500000, 0x0000000084500000, 0x0000000084600000|  0%| F|  |TAMS 0x0000000084500000, 0x0000000084500000| Untracked 
|  70|0x0000000084600000, 0x0000000084600000, 0x0000000084700000|  0%| F|  |TAMS 0x0000000084600000, 0x0000000084600000| Untracked 
|  71|0x0000000084700000, 0x0000000084700000, 0x0000000084800000|  0%| F|  |TAMS 0x0000000084700000, 0x0000000084700000| Untracked 
|  72|0x0000000084800000, 0x0000000084800000, 0x0000000084900000|  0%| F|  |TAMS 0x0000000084800000, 0x0000000084800000| Untracked 
|  73|0x0000000084900000, 0x0000000084900000, 0x0000000084a00000|  0%| F|  |TAMS 0x0000000084900000, 0x0000000084900000| Untracked 
|  74|0x0000000084a00000, 0x0000000084a00000, 0x0000000084b00000|  0%| F|  |TAMS 0x0000000084a00000, 0x0000000084a00000| Untracked 
|  75|0x0000000084b00000, 0x0000000084b00000, 0x0000000084c00000|  0%| F|  |TAMS 0x0000000084b00000, 0x0000000084b00000| Untracked 
|  76|0x0000000084c00000, 0x0000000084c00000, 0x0000000084d00000|  0%| F|  |TAMS 0x0000000084c00000, 0x0000000084c00000| Untracked 
|  77|0x0000000084d00000, 0x0000000084d00000, 0x0000000084e00000|  0%| F|  |TAMS 0x0000000084d00000, 0x0000000084d00000| Untracked 
|  78|0x0000000084e00000, 0x0000000084e00000, 0x0000000084f00000|  0%| F|  |TAMS 0x0000000084e00000, 0x0000000084e00000| Untracked 
|  79|0x0000000084f00000, 0x0000000084f00000, 0x0000000085000000|  0%| F|  |TAMS 0x0000000084f00000, 0x0000000084f00000| Untracked 
|  80|0x0000000085000000, 0x0000000085000000, 0x0000000085100000|  0%| F|  |TAMS 0x0000000085000000, 0x0000000085000000| Untracked 
|  81|0x0000000085100000, 0x0000000085100000, 0x0000000085200000|  0%| F|  |TAMS 0x0000000085100000, 0x0000000085100000| Untracked 
|  82|0x0000000085200000, 0x0000000085200000, 0x0000000085300000|  0%| F|  |TAMS 0x0000000085200000, 0x0000000085200000| Untracked 
|  83|0x0000000085300000, 0x0000000085300000, 0x0000000085400000|  0%| F|  |TAMS 0x0000000085300000, 0x0000000085300000| Untracked 
|  84|0x0000000085400000, 0x0000000085400000, 0x0000000085500000|  0%| F|  |TAMS 0x0000000085400000, 0x0000000085400000| Untracked 
|  85|0x0000000085500000, 0x0000000085500000, 0x0000000085600000|  0%| F|  |TAMS 0x0000000085500000, 0x0000000085500000| Untracked 
|  86|0x0000000085600000, 0x0000000085600000, 0x0000000085700000|  0%| F|  |TAMS 0x0000000085600000, 0x0000000085600000| Untracked 
|  87|0x0000000085700000, 0x0000000085700000, 0x0000000085800000|  0%| F|  |TAMS 0x0000000085700000, 0x0000000085700000| Untracked 
|  88|0x0000000085800000, 0x0000000085800000, 0x0000000085900000|  0%| F|  |TAMS 0x0000000085800000, 0x0000000085800000| Untracked 
|  89|0x0000000085900000, 0x0000000085900000, 0x0000000085a00000|  0%| F|  |TAMS 0x0000000085900000, 0x0000000085900000| Untracked 
|  90|0x0000000085a00000, 0x0000000085a00000, 0x0000000085b00000|  0%| F|  |TAMS 0x0000000085a00000, 0x0000000085a00000| Untracked 
|  91|0x0000000085b00000, 0x0000000085b00000, 0x0000000085c00000|  0%| F|  |TAMS 0x0000000085b00000, 0x0000000085b00000| Untracked 
|  92|0x0000000085c00000, 0x0000000085d00000, 0x0000000085d00000|100%| E|  |TAMS 0x0000000085c00000, 0x0000000085c00000| Complete 
|  93|0x0000000085d00000, 0x0000000085e00000, 0x0000000085e00000|100%| E|CS|TAMS 0x0000000085d00000, 0x0000000085d00000| Complete 
|  94|0x0000000085e00000, 0x0000000085f00000, 0x0000000085f00000|100%| E|CS|TAMS 0x0000000085e00000, 0x0000000085e00000| Complete 
|  95|0x0000000085f00000, 0x0000000086000000, 0x0000000086000000|100%| E|CS|TAMS 0x0000000085f00000, 0x0000000085f00000| Complete 
|  96|0x0000000086000000, 0x0000000086100000, 0x0000000086100000|100%| E|CS|TAMS 0x0000000086000000, 0x0000000086000000| Complete 
|  97|0x0000000086100000, 0x0000000086200000, 0x0000000086200000|100%| E|CS|TAMS 0x0000000086100000, 0x0000000086100000| Complete 
|  98|0x0000000086200000, 0x0000000086300000, 0x0000000086300000|100%| E|CS|TAMS 0x0000000086200000, 0x0000000086200000| Complete 
|  99|0x0000000086300000, 0x0000000086400000, 0x0000000086400000|100%| E|CS|TAMS 0x0000000086300000, 0x0000000086300000| Complete 
| 100|0x0000000086400000, 0x0000000086500000, 0x0000000086500000|100%| E|CS|TAMS 0x0000000086400000, 0x0000000086400000| Complete 
| 101|0x0000000086500000, 0x0000000086600000, 0x0000000086600000|100%| E|CS|TAMS 0x0000000086500000, 0x0000000086500000| Complete 
| 102|0x0000000086600000, 0x0000000086700000, 0x0000000086700000|100%| E|CS|TAMS 0x0000000086600000, 0x0000000086600000| Complete 
| 103|0x0000000086700000, 0x0000000086800000, 0x0000000086800000|100%| E|CS|TAMS 0x0000000086700000, 0x0000000086700000| Complete 
| 104|0x0000000086800000, 0x0000000086900000, 0x0000000086900000|100%| E|CS|TAMS 0x0000000086800000, 0x0000000086800000| Complete 
| 105|0x0000000086900000, 0x0000000086a00000, 0x0000000086a00000|100%| E|CS|TAMS 0x0000000086900000, 0x0000000086900000| Complete 
| 106|0x0000000086a00000, 0x0000000086b00000, 0x0000000086b00000|100%| E|CS|TAMS 0x0000000086a00000, 0x0000000086a00000| Complete 
| 107|0x0000000086b00000, 0x0000000086c00000, 0x0000000086c00000|100%| E|CS|TAMS 0x0000000086b00000, 0x0000000086b00000| Complete 
| 108|0x0000000086c00000, 0x0000000086d00000, 0x0000000086d00000|100%| E|CS|TAMS 0x0000000086c00000, 0x0000000086c00000| Complete 
| 109|0x0000000086d00000, 0x0000000086e00000, 0x0000000086e00000|100%| E|CS|TAMS 0x0000000086d00000, 0x0000000086d00000| Complete 
| 110|0x0000000086e00000, 0x0000000086f00000, 0x0000000086f00000|100%| E|CS|TAMS 0x0000000086e00000, 0x0000000086e00000| Complete 
| 111|0x0000000086f00000, 0x0000000087000000, 0x0000000087000000|100%| E|CS|TAMS 0x0000000086f00000, 0x0000000086f00000| Complete 
| 112|0x0000000087000000, 0x0000000087100000, 0x0000000087100000|100%| E|CS|TAMS 0x0000000087000000, 0x0000000087000000| Complete 
| 113|0x0000000087100000, 0x0000000087200000, 0x0000000087200000|100%| E|CS|TAMS 0x0000000087100000, 0x0000000087100000| Complete 
| 114|0x0000000087200000, 0x0000000087300000, 0x0000000087300000|100%| E|CS|TAMS 0x0000000087200000, 0x0000000087200000| Complete 
| 115|0x0000000087300000, 0x0000000087400000, 0x0000000087400000|100%| E|CS|TAMS 0x0000000087300000, 0x0000000087300000| Complete 
| 116|0x0000000087400000, 0x0000000087500000, 0x0000000087500000|100%| E|CS|TAMS 0x0000000087400000, 0x0000000087400000| Complete 
| 117|0x0000000087500000, 0x0000000087600000, 0x0000000087600000|100%| E|CS|TAMS 0x0000000087500000, 0x0000000087500000| Complete 
| 118|0x0000000087600000, 0x0000000087700000, 0x0000000087700000|100%| E|CS|TAMS 0x0000000087600000, 0x0000000087600000| Complete 
| 119|0x0000000087700000, 0x0000000087800000, 0x0000000087800000|100%| E|CS|TAMS 0x0000000087700000, 0x0000000087700000| Complete 
| 120|0x0000000087800000, 0x0000000087900000, 0x0000000087900000|100%| E|CS|TAMS 0x0000000087800000, 0x0000000087800000| Complete 
| 121|0x0000000087900000, 0x0000000087a00000, 0x0000000087a00000|100%| E|CS|TAMS 0x0000000087900000, 0x0000000087900000| Complete 
| 122|0x0000000087a00000, 0x0000000087b00000, 0x0000000087b00000|100%| E|CS|TAMS 0x0000000087a00000, 0x0000000087a00000| Complete 
| 123|0x0000000087b00000, 0x0000000087c00000, 0x0000000087c00000|100%| E|CS|TAMS 0x0000000087b00000, 0x0000000087b00000| Complete 
| 124|0x0000000087c00000, 0x0000000087ca7e70, 0x0000000087d00000| 65%| S|CS|TAMS 0x0000000087c00000, 0x0000000087c00000| Complete 
| 125|0x0000000087d00000, 0x0000000087e00000, 0x0000000087e00000|100%| E|CS|TAMS 0x0000000087d00000, 0x0000000087d00000| Complete 
| 126|0x0000000087e00000, 0x0000000087f00000, 0x0000000087f00000|100%| E|CS|TAMS 0x0000000087e00000, 0x0000000087e00000| Complete 
| 127|0x0000000087f00000, 0x0000000088000000, 0x0000000088000000|100%| E|CS|TAMS 0x0000000087f00000, 0x0000000087f00000| Complete 
| 128|0x0000000088000000, 0x0000000088100000, 0x0000000088100000|100%| E|CS|TAMS 0x0000000088000000, 0x0000000088000000| Complete 
| 129|0x0000000088100000, 0x0000000088200000, 0x0000000088200000|100%| E|CS|TAMS 0x0000000088100000, 0x0000000088100000| Complete 
| 130|0x0000000088200000, 0x0000000088300000, 0x0000000088300000|100%| E|CS|TAMS 0x0000000088200000, 0x0000000088200000| Complete 

Card table byte_map: [0x000002064ebc0000,0x000002064efc0000] _byte_map_base: 0x000002064e7c0000

Marking Bits (Prev, Next): (CMBitMap*) 0x00000206372a4890, (CMBitMap*) 0x00000206372a4850
 Prev Bits: [0x00000206513c0000, 0x00000206533c0000)
 Next Bits: [0x000002064f3c0000, 0x00000206513c0000)

Polling page: 0x0000020636a20000

Metaspace:

Usage:
  Non-class:     58.33 MB capacity,    57.65 MB ( 99%) used,   601.41 KB (  1%) free+waste,    97.44 KB ( <1%) overhead. 
      Class:      9.19 MB capacity,     8.84 MB ( 96%) used,   319.42 KB (  3%) free+waste,    39.12 KB ( <1%) overhead. 
       Both:     67.52 MB capacity,    66.49 MB ( 98%) used,   920.83 KB (  1%) free+waste,   136.56 KB ( <1%) overhead. 

Virtual space:
  Non-class space:       60.00 MB reserved,      58.42 MB ( 97%) committed 
      Class space:        1.00 GB reserved,       9.23 MB ( <1%) committed 
             Both:        1.06 GB reserved,      67.65 MB (  6%) committed 

Chunk freelists:
   Non-Class:  25.00 KB
       Class:  2.00 KB
        Both:  27.00 KB

MaxMetaspaceSize: 17179869184.00 GB
CompressedClassSpaceSize: 1.00 GB

CodeHeap 'non-profiled nmethods': size=120000Kb used=3503Kb max_used=3503Kb free=116497Kb
 bounds [0x0000020646f50000, 0x00000206472c0000, 0x000002064e480000]
CodeHeap 'profiled nmethods': size=120000Kb used=13146Kb max_used=13146Kb free=106853Kb
 bounds [0x000002063fa20000, 0x0000020640700000, 0x0000020646f50000]
CodeHeap 'non-nmethods': size=5760Kb used=2409Kb max_used=2506Kb free=3350Kb
 bounds [0x000002063f480000, 0x000002063f710000, 0x000002063fa20000]
 total_blobs=7742 nmethods=6839 adapters=815
 compilation: enabled
              stopped_count=0, restarted_count=0
 full_count=0

Compilation events (20 events):
Event: 16.161 Thread 0x0000020655e32710 nmethod 7776 0x00000206406db490 code [0x00000206406db7a0, 0x00000206406dccd8]
Event: 16.163 Thread 0x0000020655e32710 7779       3       com.sun.beans.introspect.PropertyInfo::get (499 bytes)
Event: 16.178 Thread 0x0000020655e32710 nmethod 7779 0x00000206406dd410 code [0x00000206406ddf20, 0x00000206406e5d48]
Event: 16.178 Thread 0x0000020655e32710 7781       3       org.codehaus.groovy.util.ComplexKeyHashMap::resize (103 bytes)
Event: 16.178 Thread 0x0000020655e32710 nmethod 7781 0x00000206406e8210 code [0x00000206406e83e0, 0x00000206406e89b8]
Event: 16.178 Thread 0x0000020655e32710 7788       2       jdk.internal.loader.URLClassPath$JarLoader::validIndex (94 bytes)
Event: 16.179 Thread 0x0000020655e32710 nmethod 7788 0x00000206406e8b90 code [0x00000206406e8dc0, 0x00000206406e9228]
Event: 16.182 Thread 0x0000020655e32710 7789       2       groovyjarjarasm.asm.Frame::getAbstractTypeFromDescriptor (415 bytes)
Event: 16.183 Thread 0x0000020655e32710 nmethod 7789 0x00000206406e9590 code [0x00000206406e9800, 0x00000206406ea2b8]
Event: 16.183 Thread 0x0000020655e32710 7791       2       groovyjarjarasm.asm.Frame::pop (44 bytes)
Event: 16.183 Thread 0x0000020655e32710 nmethod 7791 0x00000206406ea990 code [0x00000206406eab20, 0x00000206406eac58]
Event: 16.183 Thread 0x0000020655e32710 7790       2       groovyjarjarasm.asm.Frame::getLocal (46 bytes)
Event: 16.184 Thread 0x0000020655e32710 nmethod 7790 0x00000206406ead10 code [0x00000206406eaea0, 0x00000206406eb018]
Event: 16.188 Thread 0x00000206588c4cd0 nmethod 7762 0x00000206472b4f90 code [0x00000206472b5240, 0x00000206472b6a50]
Event: 16.188 Thread 0x00000206588c4cd0 7772       4       java.util.StringJoiner::toString (181 bytes)
Event: 16.193 Thread 0x0000020655e32710 7793       2       java.beans.Introspector::getTargetMethodInfo (250 bytes)
Event: 16.195 Thread 0x0000020655e32710 nmethod 7793 0x00000206406eb110 code [0x00000206406eb400, 0x00000206406ebe38]
Event: 16.195 Thread 0x0000020655e32710 7794       2       com.sun.beans.introspect.EventSetInfo::get (373 bytes)
Event: 16.197 Thread 0x0000020655e32710 nmethod 7794 0x00000206406ec410 code [0x00000206406ec7e0, 0x00000206406ed988]
Event: 16.913 Thread 0x0000020655e32710 7795       2       sun.management.spi.PlatformMBeanProvider$PlatformComponent::getMBeans (87 bytes)

GC Heap History (20 events):
Event: 12.183 GC heap before
{Heap before GC invocations=23 (full 0):
 garbage-first heap   total 87040K, used 62802K [0x0000000080000000, 0x0000000100000000)
  region size 1024K, 17 young (17408K), 2 survivors (2048K)
 Metaspace       used 57005K, capacity 57897K, committed 58140K, reserved 1099776K
  class space    used 7431K, capacity 7730K, committed 7788K, reserved 1048576K
}
Event: 12.186 GC heap after
{Heap after GC invocations=24 (full 0):
 garbage-first heap   total 87040K, used 50110K [0x0000000080000000, 0x0000000100000000)
  region size 1024K, 3 young (3072K), 3 survivors (3072K)
 Metaspace       used 57005K, capacity 57897K, committed 58140K, reserved 1099776K
  class space    used 7431K, capacity 7730K, committed 7788K, reserved 1048576K
}
Event: 12.278 GC heap before
{Heap before GC invocations=25 (full 0):
 garbage-first heap   total 111616K, used 66494K [0x0000000080000000, 0x0000000100000000)
  region size 1024K, 16 young (16384K), 3 survivors (3072K)
 Metaspace       used 57013K, capacity 57903K, committed 58140K, reserved 1099776K
  class space    used 7431K, capacity 7731K, committed 7788K, reserved 1048576K
}
Event: 12.283 GC heap after
{Heap after GC invocations=26 (full 0):
 garbage-first heap   total 111616K, used 56679K [0x0000000080000000, 0x0000000100000000)
  region size 1024K, 3 young (3072K), 3 survivors (3072K)
 Metaspace       used 57013K, capacity 57903K, committed 58140K, reserved 1099776K
  class space    used 7431K, capacity 7731K, committed 7788K, reserved 1048576K
}
Event: 12.876 GC heap before
{Heap before GC invocations=27 (full 0):
 garbage-first heap   total 111616K, used 90471K [0x0000000080000000, 0x0000000100000000)
  region size 1024K, 34 young (34816K), 3 survivors (3072K)
 Metaspace       used 59690K, capacity 60582K, committed 60828K, reserved 1101824K
  class space    used 7762K, capacity 8060K, committed 8172K, reserved 1048576K
}
Event: 12.881 GC heap after
{Heap after GC invocations=28 (full 0):
 garbage-first heap   total 111616K, used 55790K [0x0000000080000000, 0x0000000100000000)
  region size 1024K, 3 young (3072K), 3 survivors (3072K)
 Metaspace       used 59690K, capacity 60582K, committed 60828K, reserved 1101824K
  class space    used 7762K, capacity 8060K, committed 8172K, reserved 1048576K
}
Event: 13.107 GC heap before
{Heap before GC invocations=28 (full 0):
 garbage-first heap   total 111616K, used 67054K [0x0000000080000000, 0x0000000100000000)
  region size 1024K, 15 young (15360K), 3 survivors (3072K)
 Metaspace       used 60756K, capacity 61580K, committed 61596K, reserved 1103872K
  class space    used 7875K, capacity 8157K, committed 8172K, reserved 1048576K
}
Event: 13.111 GC heap after
{Heap after GC invocations=29 (full 0):
 garbage-first heap   total 111616K, used 56906K [0x0000000080000000, 0x0000000100000000)
  region size 1024K, 4 young (4096K), 4 survivors (4096K)
 Metaspace       used 60756K, capacity 61580K, committed 61596K, reserved 1103872K
  class space    used 7875K, capacity 8157K, committed 8172K, reserved 1048576K
}
Event: 13.893 GC heap before
{Heap before GC invocations=30 (full 0):
 garbage-first heap   total 111616K, used 88650K [0x0000000080000000, 0x0000000100000000)
  region size 1024K, 35 young (35840K), 4 survivors (4096K)
 Metaspace       used 61813K, capacity 62710K, committed 62876K, reserved 1103872K
  class space    used 8032K, capacity 8336K, committed 8428K, reserved 1048576K
}
Event: 13.899 GC heap after
{Heap after GC invocations=31 (full 0):
 garbage-first heap   total 111616K, used 57718K [0x0000000080000000, 0x0000000100000000)
  region size 1024K, 3 young (3072K), 3 survivors (3072K)
 Metaspace       used 61813K, capacity 62710K, committed 62876K, reserved 1103872K
  class space    used 8032K, capacity 8336K, committed 8428K, reserved 1048576K
}
Event: 14.290 GC heap before
{Heap before GC invocations=31 (full 0):
 garbage-first heap   total 111616K, used 90486K [0x0000000080000000, 0x0000000100000000)
  region size 1024K, 35 young (35840K), 3 survivors (3072K)
 Metaspace       used 63627K, capacity 64632K, committed 64924K, reserved 1105920K
  class space    used 8274K, capacity 8594K, committed 8684K, reserved 1048576K
}
Event: 15.300 GC heap after
{Heap after GC invocations=32 (full 0):
 garbage-first heap   total 134144K, used 60342K [0x0000000080000000, 0x0000000100000000)
  region size 1024K, 5 young (5120K), 5 survivors (5120K)
 Metaspace       used 63627K, capacity 64632K, committed 64924K, reserved 1105920K
  class space    used 8274K, capacity 8594K, committed 8684K, reserved 1048576K
}
Event: 15.383 GC heap before
{Heap before GC invocations=32 (full 0):
 garbage-first heap   total 134144K, used 60342K [0x0000000080000000, 0x0000000100000000)
  region size 1024K, 6 young (6144K), 5 survivors (5120K)
 Metaspace       used 63744K, capacity 64728K, committed 64924K, reserved 1105920K
  class space    used 8290K, capacity 8626K, committed 8684K, reserved 1048576K
}
Event: 15.390 GC heap after
{Heap after GC invocations=33 (full 0):
 garbage-first heap   total 134144K, used 60804K [0x0000000080000000, 0x0000000100000000)
  region size 1024K, 1 young (1024K), 1 survivors (1024K)
 Metaspace       used 63744K, capacity 64728K, committed 64924K, reserved 1105920K
  class space    used 8290K, capacity 8626K, committed 8684K, reserved 1048576K
}
Event: 15.576 GC heap before
{Heap before GC invocations=34 (full 0):
 garbage-first heap   total 134144K, used 65924K [0x0000000080000000, 0x0000000100000000)
  region size 1024K, 6 young (6144K), 1 survivors (1024K)
 Metaspace       used 64451K, capacity 65432K, committed 65564K, reserved 1105920K
  class space    used 8431K, capacity 8754K, committed 8812K, reserved 1048576K
}
Event: 15.578 GC heap after
{Heap after GC invocations=35 (full 0):
 garbage-first heap   total 134144K, used 60508K [0x0000000080000000, 0x0000000100000000)
  region size 1024K, 1 young (1024K), 1 survivors (1024K)
 Metaspace       used 64451K, capacity 65432K, committed 65564K, reserved 1105920K
  class space    used 8431K, capacity 8754K, committed 8812K, reserved 1048576K
}
Event: 15.659 GC heap before
{Heap before GC invocations=35 (full 0):
 garbage-first heap   total 134144K, used 65628K [0x0000000080000000, 0x0000000100000000)
  region size 1024K, 6 young (6144K), 1 survivors (1024K)
 Metaspace       used 65168K, capacity 66232K, committed 66460K, reserved 1107968K
  class space    used 8566K, capacity 8914K, committed 8940K, reserved 1048576K
}
Event: 15.661 GC heap after
{Heap after GC invocations=36 (full 0):
 garbage-first heap   total 134144K, used 60639K [0x0000000080000000, 0x0000000100000000)
  region size 1024K, 1 young (1024K), 1 survivors (1024K)
 Metaspace       used 65168K, capacity 66232K, committed 66460K, reserved 1107968K
  class space    used 8566K, capacity 8914K, committed 8940K, reserved 1048576K
}
Event: 15.747 GC heap before
{Heap before GC invocations=37 (full 0):
 garbage-first heap   total 134144K, used 65759K [0x0000000080000000, 0x0000000100000000)
  region size 1024K, 6 young (6144K), 1 survivors (1024K)
 Metaspace       used 65908K, capacity 66904K, committed 67228K, reserved 1107968K
  class space    used 8735K, capacity 9074K, committed 9196K, reserved 1048576K
}
Event: 15.749 GC heap after
{Heap after GC invocations=38 (full 0):
 garbage-first heap   total 134144K, used 60851K [0x0000000080000000, 0x0000000100000000)
  region size 1024K, 1 young (1024K), 1 survivors (1024K)
 Metaspace       used 65908K, capacity 66904K, committed 67228K, reserved 1107968K
  class space    used 8735K, capacity 9074K, committed 9196K, reserved 1048576K
}

Deoptimization events (20 events):
Event: 15.941 Thread 0x0000020657c79ef0 DEOPT PACKING pc=0x000002064040f4ba sp=0x000000eac68f8020
Event: 15.941 Thread 0x0000020657c79ef0 DEOPT UNPACKING pc=0x000002063f4ce23f sp=0x000000eac68f7530 mode 0
Event: 15.944 Thread 0x0000020657c79ef0 DEOPT PACKING pc=0x000002063fb49e44 sp=0x000000eac68f87e0
Event: 15.944 Thread 0x0000020657c79ef0 DEOPT UNPACKING pc=0x000002063f4ce23f sp=0x000000eac68f7d80 mode 0
Event: 15.996 Thread 0x0000020657c79ef0 DEOPT PACKING pc=0x000002063fdba2a8 sp=0x000000eac68f8310
Event: 15.996 Thread 0x0000020657c79ef0 DEOPT UNPACKING pc=0x000002063f4ce23f sp=0x000000eac68f7780 mode 0
Event: 16.113 Thread 0x0000020657c79ef0 DEOPT PACKING pc=0x000002063fb497a5 sp=0x000000eac68f89c0
Event: 16.113 Thread 0x0000020657c79ef0 DEOPT UNPACKING pc=0x000002063f4ce23f sp=0x000000eac68f7f60 mode 0
Event: 16.129 Thread 0x0000020657c79ef0 Uncommon trap: trap_request=0xffffffdc fr.pc=0x0000020647010f60 relative=0x00000000000002c0
Event: 16.129 Thread 0x0000020657c79ef0 Uncommon trap: reason=class_check action=make_not_entrant pc=0x0000020647010f60 method=java.util.ArrayList.toArray([Ljava/lang/Object;)[Ljava/lang/Object; @ 21 c2
Event: 16.129 Thread 0x0000020657c79ef0 DEOPT PACKING pc=0x0000020647010f60 sp=0x000000eac68f8b80
Event: 16.129 Thread 0x0000020657c79ef0 DEOPT UNPACKING pc=0x000002063f4ce42f sp=0x000000eac68f8b50 mode 2
Event: 16.131 Thread 0x0000020657c79ef0 DEOPT PACKING pc=0x000002063fdfc170 sp=0x000000eac68f87f0
Event: 16.131 Thread 0x0000020657c79ef0 DEOPT UNPACKING pc=0x000002063f4ce23f sp=0x000000eac68f7cd0 mode 0
Event: 16.136 Thread 0x0000020657c79ef0 DEOPT PACKING pc=0x00000206405eb11b sp=0x000000eac68f6540
Event: 16.136 Thread 0x0000020657c79ef0 DEOPT UNPACKING pc=0x000002063f4ce23f sp=0x000000eac68f59f0 mode 0
Event: 16.167 Thread 0x0000020657c79ef0 DEOPT PACKING pc=0x00000206405eb11b sp=0x000000eac68f6e60
Event: 16.167 Thread 0x0000020657c79ef0 DEOPT UNPACKING pc=0x000002063f4ce23f sp=0x000000eac68f6310 mode 0
Event: 16.201 Thread 0x0000020657c79ef0 DEOPT PACKING pc=0x00000206405eb11b sp=0x000000eac68f6d30
Event: 16.201 Thread 0x0000020657c79ef0 DEOPT UNPACKING pc=0x000002063f4ce23f sp=0x000000eac68f61e0 mode 0

Classes unloaded (0 events):
No events

Classes redefined (0 events):
No events

Internal exceptions (20 events):
Event: 16.138 Thread 0x0000020657c79ef0 Exception <a 'java/lang/ClassNotFoundException'{0x0000000086e9c6d0}: groovy/lang/GStringCustomizer> (0x0000000086e9c6d0) 
thrown [./open/src/hotspot/share/classfile/systemDictionary.cpp, line 295]
Event: 16.141 Thread 0x0000020657c79ef0 Exception <a 'java/lang/ClassNotFoundException'{0x0000000086ebe9d0}: groovy/lang/GString$1Customizer> (0x0000000086ebe9d0) 
thrown [./open/src/hotspot/share/classfile/systemDictionary.cpp, line 295]
Event: 16.150 Thread 0x0000020657c79ef0 Exception <a 'java/lang/ClassNotFoundException'{0x0000000086df86a8}: com/android/build/gradle/internal/api/ApplicationVariantImpl_DecoratedBeanInfo> (0x0000000086df86a8) 
thrown [./open/src/hotspot/share/classfile/systemDictionary.cpp, line 295]
Event: 16.152 Thread 0x0000020657c79ef0 Exception <a 'java/lang/ClassNotFoundException'{0x0000000086c06c58}: com/android/build/gradle/internal/api/ApplicationVariantImplBeanInfo> (0x0000000086c06c58) 
thrown [./open/src/hotspot/share/classfile/systemDictionary.cpp, line 295]
Event: 16.152 Thread 0x0000020657c79ef0 Exception <a 'java/lang/ClassNotFoundException'{0x0000000086c14c10}: com/android/build/gradle/internal/api/ApkVariantImplBeanInfo> (0x0000000086c14c10) 
thrown [./open/src/hotspot/share/classfile/systemDictionary.cpp, line 295]
Event: 16.153 Thread 0x0000020657c79ef0 Exception <a 'java/lang/ClassNotFoundException'{0x0000000086c22f50}: com/android/build/gradle/internal/api/InstallableVariantImplBeanInfo> (0x0000000086c22f50) 
thrown [./open/src/hotspot/share/classfile/systemDictionary.cpp, line 295]
Event: 16.153 Thread 0x0000020657c79ef0 Exception <a 'java/lang/ClassNotFoundException'{0x0000000086c31310}: com/android/build/gradle/internal/api/AndroidArtifactVariantImplBeanInfo> (0x0000000086c31310) 
thrown [./open/src/hotspot/share/classfile/systemDictionary.cpp, line 295]
Event: 16.154 Thread 0x0000020657c79ef0 Exception <a 'java/lang/ClassNotFoundException'{0x0000000086c3f578}: com/android/build/gradle/internal/api/BaseVariantImplBeanInfo> (0x0000000086c3f578) 
thrown [./open/src/hotspot/share/classfile/systemDictionary.cpp, line 295]
Event: 16.155 Thread 0x0000020657c79ef0 Exception <a 'java/lang/ClassNotFoundException'{0x0000000086c4d810}: com/android/build/gradle/internal/api/BaseVariantImplCustomizer> (0x0000000086c4d810) 
thrown [./open/src/hotspot/share/classfile/systemDictionary.cpp, line 295]
Event: 16.158 Thread 0x0000020657c79ef0 Exception <a 'java/lang/ClassNotFoundException'{0x0000000086c9eb68}: com/android/build/gradle/internal/api/AndroidArtifactVariantImplCustomizer> (0x0000000086c9eb68) 
thrown [./open/src/hotspot/share/classfile/systemDictionary.cpp, line 295]
Event: 16.158 Thread 0x0000020657c79ef0 Exception <a 'java/lang/ClassNotFoundException'{0x0000000086cc22e0}: com/android/build/gradle/internal/api/InstallableVariantImplCustomizer> (0x0000000086cc22e0) 
thrown [./open/src/hotspot/share/classfile/systemDictionary.cpp, line 295]
Event: 16.160 Thread 0x0000020657c79ef0 Exception <a 'java/lang/ClassNotFoundException'{0x0000000086cea658}: com/android/build/gradle/internal/api/ApkVariantImplCustomizer> (0x0000000086cea658) 
thrown [./open/src/hotspot/share/classfile/systemDictionary.cpp, line 295]
Event: 16.161 Thread 0x0000020657c79ef0 Exception <a 'java/lang/ClassNotFoundException'{0x0000000086b0fe18}: com/android/build/gradle/internal/api/ApplicationVariantImplCustomizer> (0x0000000086b0fe18) 
thrown [./open/src/hotspot/share/classfile/systemDictionary.cpp, line 295]
Event: 16.162 Thread 0x0000020657c79ef0 Exception <a 'java/lang/ClassNotFoundException'{0x0000000086b37a68}: com/android/build/gradle/internal/api/ApplicationVariantImpl_DecoratedCustomizer> (0x0000000086b37a68) 
thrown [./open/src/hotspot/share/classfile/systemDictionary.cpp, line 295]
Event: 16.175 Thread 0x0000020657c79ef0 Exception <a 'java/lang/ClassNotFoundException'{0x0000000086871de0}: org/codehaus/groovy/runtime/GStringImplBeanInfo> (0x0000000086871de0) 
thrown [./open/src/hotspot/share/classfile/systemDictionary.cpp, line 295]
Event: 16.180 Thread 0x0000020657c79ef0 Exception <a 'java/lang/ClassNotFoundException'{0x0000000086631088}: org/codehaus/groovy/runtime/GStringImplCustomizer> (0x0000000086631088) 
thrown [./open/src/hotspot/share/classfile/systemDictionary.cpp, line 295]
Event: 16.191 Thread 0x0000020657c79ef0 Exception <a 'java/lang/ClassNotFoundException'{0x000000008669f5d8}: com/android/build/gradle/internal/api/ReadOnlyBuildTypeBeanInfo> (0x000000008669f5d8) 
thrown [./open/src/hotspot/share/classfile/systemDictionary.cpp, line 295]
Event: 16.192 Thread 0x0000020657c79ef0 Exception <a 'java/lang/ClassNotFoundException'{0x00000000866ad8b0}: com/android/build/gradle/internal/api/ReadOnlyBaseConfigBeanInfo> (0x00000000866ad8b0) 
thrown [./open/src/hotspot/share/classfile/systemDictionary.cpp, line 295]
Event: 16.192 Thread 0x0000020657c79ef0 Exception <a 'java/lang/ClassNotFoundException'{0x00000000866bbba8}: com/android/build/gradle/internal/api/ReadOnlyBaseConfigCustomizer> (0x00000000866bbba8) 
thrown [./open/src/hotspot/share/classfile/systemDictionary.cpp, line 295]
Event: 16.193 Thread 0x0000020657c79ef0 Exception <a 'java/lang/ClassNotFoundException'{0x00000000866da558}: com/android/build/gradle/internal/api/ReadOnlyBuildTypeCustomizer> (0x00000000866da558) 
thrown [./open/src/hotspot/share/classfile/systemDictionary.cpp, line 295]

Events (20 events):
Event: 15.383 Executing VM operation: G1CollectForAllocation
Event: 15.390 Executing VM operation: G1CollectForAllocation done
Event: 15.402 Executing VM operation: G1Concurrent
Event: 15.403 Executing VM operation: G1Concurrent done
Event: 15.561 Thread 0x00000206588c4cd0 Thread exited: 0x00000206588c4cd0
Event: 15.563 Thread 0x00000206588c51e0 Thread exited: 0x00000206588c51e0
Event: 15.576 Executing VM operation: G1CollectForAllocation
Event: 15.578 Executing VM operation: G1CollectForAllocation done
Event: 15.659 Executing VM operation: G1CollectForAllocation
Event: 15.661 Executing VM operation: G1CollectForAllocation done
Event: 15.709 Executing VM operation: G1Concurrent
Event: 15.712 Executing VM operation: G1Concurrent done
Event: 15.742 Executing VM operation: G1Concurrent
Event: 15.742 Executing VM operation: G1Concurrent done
Event: 15.747 Executing VM operation: G1CollectForAllocation
Event: 15.749 Executing VM operation: G1CollectForAllocation done
Event: 15.765 Thread 0x00000206588c4cd0 Thread added: 0x00000206588c4cd0
Event: 15.805 Thread 0x00000206588c51e0 Thread added: 0x00000206588c51e0
Event: 16.076 Executing VM operation: ICBufferFull
Event: 16.076 Executing VM operation: ICBufferFull done


Dynamic libraries:
0x00007ff654500000 - 0x00007ff65450f000 	C:\Program Files\Java\jdk-15.0.1\bin\java.exe
0x00007ffc39730000 - 0x00007ffc39947000 	C:\WINDOWS\SYSTEM32\ntdll.dll
0x00007ffc393b0000 - 0x00007ffc39475000 	C:\WINDOWS\System32\KERNEL32.DLL
0x00007ffc370f0000 - 0x00007ffc3749b000 	C:\WINDOWS\System32\KERNELBASE.dll
0x00007ffc33520000 - 0x00007ffc335bc000 	C:\WINDOWS\SYSTEM32\apphelp.dll
0x00007ffc36d90000 - 0x00007ffc36ea5000 	C:\WINDOWS\System32\ucrtbase.dll
0x00007ffc0bd20000 - 0x00007ffc0bd39000 	C:\Program Files\Java\jdk-15.0.1\bin\VCRUNTIME140.dll
0x00007ffc0a6c0000 - 0x00007ffc0a6d8000 	C:\Program Files\Java\jdk-15.0.1\bin\jli.dll
0x00007ffc37d40000 - 0x00007ffc37df0000 	C:\WINDOWS\System32\ADVAPI32.dll
0x00007ffc37e00000 - 0x00007ffc37ea7000 	C:\WINDOWS\System32\msvcrt.dll
0x00007ffc39640000 - 0x00007ffc396e5000 	C:\WINDOWS\System32\sechost.dll
0x00007ffc384d0000 - 0x00007ffc385f9000 	C:\WINDOWS\System32\RPCRT4.dll
0x00007ffc38810000 - 0x00007ffc389c1000 	C:\WINDOWS\System32\USER32.dll
0x00007ffc36b00000 - 0x00007ffc36b26000 	C:\WINDOWS\System32\win32u.dll
0x00007ffc37a80000 - 0x00007ffc37aa9000 	C:\WINDOWS\System32\GDI32.dll
0x00007ffc36c60000 - 0x00007ffc36d81000 	C:\WINDOWS\System32\gdi32full.dll
0x00007ffc36b30000 - 0x00007ffc36bd5000 	C:\WINDOWS\System32\msvcp_win.dll
0x00007ffc35bd0000 - 0x00007ffc35e71000 	C:\WINDOWS\WinSxS\amd64_microsoft.windows.common-controls_6595b64144ccf1df_6.0.25300.1000_none_79a4e2ea3eb709cf\COMCTL32.dll
0x00007ffc2e5d0000 - 0x00007ffc2e5da000 	C:\WINDOWS\SYSTEM32\VERSION.dll
0x00007ffc37ab0000 - 0x00007ffc37ae0000 	C:\WINDOWS\System32\IMM32.DLL
0x00007ffc20bd0000 - 0x00007ffc20bdc000 	C:\Program Files\Java\jdk-15.0.1\bin\vcruntime140_1.dll
0x00007ffbf5dd0000 - 0x00007ffbf5e61000 	C:\Program Files\Java\jdk-15.0.1\bin\msvcp140.dll
0x00007ffbe0e30000 - 0x00007ffbe198e000 	C:\Program Files\Java\jdk-15.0.1\bin\server\jvm.dll
0x00007ffc37fa0000 - 0x00007ffc37fa8000 	C:\WINDOWS\System32\PSAPI.DLL
0x00007ffc36250000 - 0x00007ffc36259000 	C:\WINDOWS\SYSTEM32\WSOCK32.dll
0x00007ffc2f1e0000 - 0x00007ffc2f215000 	C:\WINDOWS\SYSTEM32\WINMM.dll
0x00007ffc37ca0000 - 0x00007ffc37d0f000 	C:\WINDOWS\System32\WS2_32.dll
0x00007ffc35350000 - 0x00007ffc35368000 	C:\WINDOWS\SYSTEM32\kernel.appcore.dll
0x00007ffc209c0000 - 0x00007ffc209ca000 	C:\Program Files\Java\jdk-15.0.1\bin\jimage.dll
0x00007ffc36380000 - 0x00007ffc365b5000 	C:\WINDOWS\SYSTEM32\DBGHELP.DLL
0x00007ffc38090000 - 0x00007ffc38443000 	C:\WINDOWS\System32\combase.dll
0x00007ffc392d0000 - 0x00007ffc393a8000 	C:\WINDOWS\System32\OLEAUT32.dll
0x00007ffc361f0000 - 0x00007ffc36222000 	C:\WINDOWS\SYSTEM32\dbgcore.DLL
0x00007ffc36a70000 - 0x00007ffc36af4000 	C:\WINDOWS\System32\bcryptPrimitives.dll
0x00007ffc071b0000 - 0x00007ffc071d5000 	C:\Program Files\Java\jdk-15.0.1\bin\java.dll
0x00007ffc38a30000 - 0x00007ffc39237000 	C:\WINDOWS\System32\SHELL32.dll
0x00007ffc34210000 - 0x00007ffc34ab2000 	C:\WINDOWS\SYSTEM32\windows.storage.dll
0x00007ffc37fb0000 - 0x00007ffc3808b000 	C:\WINDOWS\System32\SHCORE.dll
0x00007ffc38470000 - 0x00007ffc384cd000 	C:\WINDOWS\System32\shlwapi.dll
0x00007ffc36990000 - 0x00007ffc369b1000 	C:\WINDOWS\SYSTEM32\profapi.dll
0x00007ffc0a6a0000 - 0x00007ffc0a6b9000 	C:\Program Files\Java\jdk-15.0.1\bin\net.dll
0x00007ffc2f000000 - 0x00007ffc2f12d000 	C:\WINDOWS\SYSTEM32\WINHTTP.dll
0x00007ffc357b0000 - 0x00007ffc35819000 	C:\WINDOWS\system32\mswsock.dll
0x00007ffc07d80000 - 0x00007ffc07d92000 	C:\Program Files\Java\jdk-15.0.1\bin\nio.dll
0x00007ffc04f10000 - 0x00007ffc04f28000 	C:\Program Files\Java\jdk-15.0.1\bin\zip.dll
0x00007ffc04580000 - 0x00007ffc04590000 	C:\Program Files\Java\jdk-15.0.1\bin\verify.dll
0x00007ffc0b450000 - 0x00007ffc0b477000 	C:\Users\91934\.gradle\native\e1d6ef7f7dcc3fd88c89a11ec53ec762bb8ba0a96d01ffa2cd45eb1d1d8dd5c5\windows-amd64\native-platform.dll
0x00007ffbf5090000 - 0x00007ffbf51d4000 	C:\Users\91934\.gradle\native\0d407fdbe67a94daf76414ababcb853783967236a71b16ec16e742cd7a986fd3\windows-amd64\native-platform-file-events.dll
0x00007ffc1edd0000 - 0x00007ffc1edd9000 	C:\Program Files\Java\jdk-15.0.1\bin\management.dll
0x00007ffc1d0e0000 - 0x00007ffc1d0eb000 	C:\Program Files\Java\jdk-15.0.1\bin\management_ext.dll
0x00007ffc366c0000 - 0x00007ffc366db000 	C:\WINDOWS\SYSTEM32\CRYPTSP.dll
0x00007ffc352a0000 - 0x00007ffc352d4000 	C:\WINDOWS\system32\rsaenh.dll
0x00007ffc35ad0000 - 0x00007ffc35af8000 	C:\WINDOWS\SYSTEM32\USERENV.dll
0x00007ffc36300000 - 0x00007ffc36328000 	C:\WINDOWS\SYSTEM32\bcrypt.dll
0x00007ffc35950000 - 0x00007ffc3595c000 	C:\WINDOWS\SYSTEM32\CRYPTBASE.dll
0x00007ffc34d60000 - 0x00007ffc34d8f000 	C:\WINDOWS\SYSTEM32\IPHLPAPI.DLL
0x00007ffc38450000 - 0x00007ffc38459000 	C:\WINDOWS\System32\NSI.dll
0x00007ffc2ed10000 - 0x00007ffc2ed29000 	C:\WINDOWS\SYSTEM32\dhcpcsvc6.DLL
0x00007ffc2ecf0000 - 0x00007ffc2ed0e000 	C:\WINDOWS\SYSTEM32\dhcpcsvc.DLL
0x00007ffc34e00000 - 0x00007ffc34f11000 	C:\WINDOWS\SYSTEM32\DNSAPI.dll
0x00007ffc1cc70000 - 0x00007ffc1cc7d000 	C:\Program Files\Java\jdk-15.0.1\bin\sunmscapi.dll
0x00007ffc36f70000 - 0x00007ffc370e9000 	C:\WINDOWS\System32\CRYPT32.dll
0x00007ffc35ee0000 - 0x00007ffc35f11000 	C:\WINDOWS\SYSTEM32\ncrypt.dll
0x00007ffc35e80000 - 0x00007ffc35eb7000 	C:\WINDOWS\SYSTEM32\NTASN1.dll
0x00007ffc30770000 - 0x00007ffc3077a000 	C:\Windows\System32\rasadhlp.dll
0x00007ffc2e220000 - 0x00007ffc2e2a3000 	C:\WINDOWS\System32\fwpuclnt.dll

dbghelp: loaded successfully - version: 4.0.5 - missing functions: none
symbol engine: initialized successfully - sym options: 0x614 - pdb path: .;C:\Program Files\Java\jdk-15.0.1\bin;C:\WINDOWS\SYSTEM32;C:\WINDOWS\WinSxS\amd64_microsoft.windows.common-controls_6595b64144ccf1df_6.0.25300.1000_none_79a4e2ea3eb709cf;C:\Program Files\Java\jdk-15.0.1\bin\server;C:\Users\91934\.gradle\native\e1d6ef7f7dcc3fd88c89a11ec53ec762bb8ba0a96d01ffa2cd45eb1d1d8dd5c5\windows-amd64;C:\Users\91934\.gradle\native\0d407fdbe67a94daf76414ababcb853783967236a71b16ec16e742cd7a986fd3\windows-amd64

VM Arguments:
jvm_args: --add-opens=java.base/java.util=ALL-UNNAMED --add-opens=java.base/java.lang=ALL-UNNAMED --add-opens=java.base/java.lang.invoke=ALL-UNNAMED --add-opens=java.base/java.util=ALL-UNNAMED --add-opens=java.prefs/java.util.prefs=ALL-UNNAMED --add-opens=java.prefs/java.util.prefs=ALL-UNNAMED --add-opens=java.base/java.nio.charset=ALL-UNNAMED --add-opens=java.base/java.net=ALL-UNNAMED --add-opens=java.base/java.util.concurrent.atomic=ALL-UNNAMED -Xmx2048m -Dfile.encoding=UTF-8 -Duser.country=IN -Duser.language=en -Duser.variant 
java_command: org.gradle.launcher.daemon.bootstrap.GradleDaemon 7.5
java_class_path (initial): C:\Users\91934\.gradle\wrapper\dists\gradle-7.5-bin\f1w0cc9nuo0eivz97x2xlu9sv\gradle-7.5\lib\gradle-launcher-7.5.jar
Launcher Type: SUN_STANDARD

[Global flags]
     intx CICompilerCount                          = 4                                         {product} {ergonomic}
     uint ConcGCThreads                            = 2                                         {product} {ergonomic}
     uint G1ConcRefinementThreads                  = 8                                         {product} {ergonomic}
   size_t G1HeapRegionSize                         = 1048576                                   {product} {ergonomic}
    uintx GCDrainStackTargetSize                   = 64                                        {product} {ergonomic}
   size_t InitialHeapSize                          = 132120576                                 {product} {ergonomic}
   size_t MarkStackSize                            = 4194304                                   {product} {ergonomic}
   size_t MaxHeapSize                              = 2147483648                                {product} {command line}
   size_t MaxNewSize                               = 1287651328                                {product} {ergonomic}
   size_t MinHeapDeltaBytes                        = 1048576                                   {product} {ergonomic}
   size_t MinHeapSize                              = 8388608                                   {product} {ergonomic}
    uintx NonNMethodCodeHeapSize                   = 5839372                                {pd product} {ergonomic}
    uintx NonProfiledCodeHeapSize                  = 122909434                              {pd product} {ergonomic}
    uintx ProfiledCodeHeapSize                     = 122909434                              {pd product} {ergonomic}
    uintx ReservedCodeCacheSize                    = 251658240                              {pd product} {ergonomic}
     bool SegmentedCodeCache                       = true                                      {product} {ergonomic}
   size_t SoftMaxHeapSize                          = 2147483648                             {manageable} {ergonomic}
     bool UseCompressedClassPointers               = true                                 {lp64_product} {ergonomic}
     bool UseCompressedOops                        = true                                 {lp64_product} {ergonomic}
     bool UseG1GC                                  = true                                      {product} {ergonomic}
     bool UseLargePagesIndividualAllocation        = false                                  {pd product} {ergonomic}

Logging:
Log output configuration:
 #0: stdout all=warning uptime,level,tags
 #1: stderr all=off uptime,level,tags

Environment Variables:
PATH=C:\Program Files\Common Files\Oracle\Java\javapath;C:\ProgramData\Oracle\Java\javapath;C:\Program Files (x86)\Common Files\Intel\Shared Libraries\redist\intel64\compiler;C:\Windows\system32;C:\Windows;C:\Windows\System32\Wbem;C:\Windows\System32\WindowsPowerShell\v1.0\;C:\Windows\System32\OpenSSH\;C:\Program Files (x86)\NVIDIA Corporation\PhysX\Common;C:\Program Files\NVIDIA Corporation\NVIDIA NvDLISR;C:\MinGW\bin;C:\Program Files\java\jdk-15.0.1\bin;C:\WINDOWS\system32;C:\WINDOWS;C:\WINDOWS\System32\Wbem;C:\WINDOWS\System32\WindowsPowerShell\v1.0\;C:\WINDOWS\System32\OpenSSH\;C:\Program Files\Git\cmd;C:\Program Files\nodejs\;C:\Program Files\dotnet\;C:\Program Files\MySQL\MySQL Shell 8.0\bin\;C:\Users\91934\AppData\Local\Programs\Python\Python39\Scripts\;C:\Users\91934\AppData\Local\Programs\Python\Python39\;C:\Users\91934\AppData\Local\Microsoft\WindowsApps;C:\Users\91934\AppData\Local\Programs\Microsoft VS Code\bin;C:\Users\91934\AppData\Roaming\npm;C:\ProgramData\91934\GitHubDesktop\bin;
USERNAME=91934
OS=Windows_NT
PROCESSOR_IDENTIFIER=Intel64 Family 6 Model 158 Stepping 13, GenuineIntel



---------------  S Y S T E M  ---------------

OS:
 Windows 10 , 64 bit Build 25300 (10.0.25300.1000)
OS uptime: 6 days 17:49 hours

CPU: total 8 (initial active 8) (4 cores per cpu, 2 threads per core) family 6 model 158 stepping 13 microcode 0xea, cmov, cx8, fxsr, mmx, sse, sse2, sse3, ssse3, sse4.1, sse4.2, popcnt, vzeroupper, avx, avx2, aes, clmul, erms, 3dnowpref, lzcnt, ht, tsc, tscinvbit, bmi1, bmi2, adx, fma, clflush, clflushopt

Memory: 4k page, system-wide physical 8029M (558M free)
TotalPageFile size 20529M (AvailPageFile size 0M)
current process WorkingSet (physical memory assigned to process): 347M, peak: 347M
current process commit charge ("private bytes"): 388M, peak: 388M

vm_info: Java HotSpot(TM) 64-Bit Server VM (15.0.1+9-18) for windows-amd64 JRE (15.0.1+9-18), built on Sep 15 2020 14:43:54 by "mach5one" with unknown MS VC++:1925

END.
